strain	filter	kwargs
JX494323	filter_by_min_length	"[[""min_length"", 1200]]"
JX494337	filter_by_min_length	"[[""min_length"", 1200]]"
KC731519	filter_by_min_length	"[[""min_length"", 1200]]"
JQ181569	filter_by_min_length	"[[""min_length"", 1200]]"
JX494334	filter_by_min_length	"[[""min_length"", 1200]]"
KF530187	filter_by_min_length	"[[""min_length"", 1200]]"
JQ181563	filter_by_min_length	"[[""min_length"", 1200]]"
JX494342	filter_by_min_length	"[[""min_length"", 1200]]"
KF530175	filter_by_min_length	"[[""min_length"", 1200]]"
JX494312	filter_by_min_length	"[[""min_length"", 1200]]"
JX494332	filter_by_min_length	"[[""min_length"", 1200]]"
JX494331	filter_by_min_length	"[[""min_length"", 1200]]"
JQ745067	filter_by_min_length	"[[""min_length"", 1200]]"
KF530170	filter_by_min_length	"[[""min_length"", 1200]]"
JX494319	filter_by_min_length	"[[""min_length"", 1200]]"
JX494339	filter_by_min_length	"[[""min_length"", 1200]]"
KC731505	filter_by_min_length	"[[""min_length"", 1200]]"
KF530162	filter_by_min_length	"[[""min_length"", 1200]]"
tDuWkr	filter_by_min_length	"[[""min_length"", 1200]]"
JQ181565	filter_by_min_length	"[[""min_length"", 1200]]"
JX494344	filter_by_min_length	"[[""min_length"", 1200]]"
3MV28K	filter_by_min_length	"[[""min_length"", 1200]]"
JX494343	filter_by_min_length	"[[""min_length"", 1200]]"
OY758984	filter_by_min_length	"[[""min_length"", 1200]]"
9V3xkd	filter_by_min_length	"[[""min_length"", 1200]]"
HXHQAT	filter_by_min_length	"[[""min_length"", 1200]]"
JX494325	filter_by_min_length	"[[""min_length"", 1200]]"
JQ745073	filter_by_min_length	"[[""min_length"", 1200]]"
JX494346	filter_by_min_length	"[[""min_length"", 1200]]"
JX494315	filter_by_min_length	"[[""min_length"", 1200]]"
JQ745085	filter_by_min_length	"[[""min_length"", 1200]]"
JX494347	filter_by_min_length	"[[""min_length"", 1200]]"
JX494338	filter_by_min_length	"[[""min_length"", 1200]]"
JQ181568	filter_by_min_length	"[[""min_length"", 1200]]"
KF530188	filter_by_min_length	"[[""min_length"", 1200]]"
3DtGJW	filter_by_min_length	"[[""min_length"", 1200]]"
JX494330	filter_by_min_length	"[[""min_length"", 1200]]"
JQ181583	filter_by_min_length	"[[""min_length"", 1200]]"
KF530190	filter_by_min_length	"[[""min_length"", 1200]]"
JX494329	filter_by_min_length	"[[""min_length"", 1200]]"
JX494313	filter_by_min_length	"[[""min_length"", 1200]]"
JX494324	filter_by_min_length	"[[""min_length"", 1200]]"
KF530184	filter_by_min_length	"[[""min_length"", 1200]]"
HkLtpW	filter_by_min_length	"[[""min_length"", 1200]]"
JQ413411	filter_by_min_length	"[[""min_length"", 1200]]"
JQ745064	filter_by_min_length	"[[""min_length"", 1200]]"
JX494340	filter_by_min_length	"[[""min_length"", 1200]]"
JQ745092	filter_by_min_length	"[[""min_length"", 1200]]"
JX494320	filter_by_min_length	"[[""min_length"", 1200]]"
KF530186	filter_by_min_length	"[[""min_length"", 1200]]"
DFjiCN	filter_by_min_length	"[[""min_length"", 1200]]"
KF530189	filter_by_min_length	"[[""min_length"", 1200]]"
JX494336	filter_by_min_length	"[[""min_length"", 1200]]"
